===START===
127.0.0.1
5 more seconds
5 more seconds
5 more seconds
5 more seconds
5 more seconds
5 more seconds
5 more seconds
===STOP===
===START=== 127.0.0.1: 30000
CPU: 15, Mem: 0.0, Load: 0.12 0.14 0.15
CPU: 14, Mem: 0.0, Load: 0.11 0.13 0.15
CPU: 18, Mem: 0.0, Load: 0.10 0.13 0.15
CPU: 15, Mem: 0.0, Load: 0.10 0.13 0.15
CPU: 12, Mem: 0.0, Load: 0.09 0.13 0.14
CPU: 12, Mem: 0.0, Load: 0.08 0.12 0.14
CPU: 111, Mem: 0.0, Load: 0.07 0.12 0.14
CPU: 17, Mem: 0.0, Load: 0.07 0.12 0.14
CPU: 13, Mem: 0.0, Load: 0.06 0.12 0.14
CPU: 14, Mem: 0.0, Load: 0.06 0.11 0.14
CPU: 14, Mem: 0.0, Load: 0.05 0.11 0.14
CPU: 14, Mem: 0.0, Load: 0.05 0.11 0.14
CPU: 16, Mem: 0.0, Load: 0.12 0.12 0.14
CPU: 13, Mem: 0.0, Load: 0.11 0.12 0.14
CPU: 13, Mem: 0.0, Load: 0.18 0.13 0.15
CPU: 15, Mem: 0.0, Load: 0.16 0.13 0.14
CPU: 16, Mem: 0.0, Load: 0.15 0.13 0.14
CPU: 15, Mem: 0.0, Load: 0.14 0.13 0.14
CPU: 14, Mem: 0.0, Load: 0.12 0.12 0.14
CPU: 14, Mem: 0.0, Load: 0.11 0.12 0.14
CPU: 17, Mem: 0.0, Load: 0.19 0.14 0.15
CPU: 14, Mem: 0.0, Load: 0.17 0.13 0.14
CPU: 14, Mem: 0.0, Load: 0.24 0.15 0.15
CPU: 17, Mem: 0.0, Load: 0.22 0.15 0.15
CPU: 14, Mem: 0.0, Load: 0.20 0.14 0.15
CPU: 14, Mem: 0.0, Load: 0.18 0.14 0.15
CPU: 13, Mem: 0.0, Load: 0.17 0.14 0.15
CPU: 14, Mem: 0.0, Load: 0.15 0.14 0.14
CPU: 13, Mem: 0.0, Load: 0.14 0.13 0.14
CPU: 13, Mem: 0.0, Load: 0.13 0.13 0.14
CPU: 13, Mem: 0.0, Load: 0.12 0.13 0.14
CPU: 13, Mem: 0.0, Load: 0.11 0.13 0.14
CPU: 29, Mem: 0.0, Load: 0.10 0.12 0.14
CPU: 111, Mem: 0.0, Load: 0.17 0.14 0.14
CPU: 15, Mem: 0.0, Load: 0.16 0.13 0.14
CPU: 14, Mem: 0.0, Load: 0.23 0.15 0.15
CPU: 13, Mem: 0.0, Load: 0.21 0.15 0.15
CPU: 14, Mem: 0.0, Load: 0.19 0.14 0.15
CPU: 13, Mem: 0.0, Load: 0.17 0.14 0.15
CPU: 13, Mem: 0.0, Load: 0.16 0.14 0.14
CPU: 13, Mem: 0.0, Load: 0.15 0.14 0.14
CPU: 12, Mem: 0.0, Load: 0.22 0.15 0.15
CPU: 14, Mem: 0.0, Load: 0.20 0.15 0.15
CPU: 14, Mem: 0.0, Load: 0.18 0.14 0.15
CPU: 15, Mem: 0.0, Load: 0.25 0.16 0.15
CPU: 17, Mem: 0.0, Load: 0.31 0.17 0.16
CPU: 16, Mem: 0.0, Load: 0.28 0.17 0.16
CPU: 15, Mem: 0.0, Load: 0.26 0.17 0.15
CPU: 14, Mem: 0.0, Load: 0.24 0.16 0.15
CPU: 14, Mem: 0.0, Load: 0.22 0.16 0.15
CPU: 15, Mem: 0.0, Load: 0.20 0.16 0.15
CPU: 13, Mem: 0.0, Load: 0.19 0.15 0.15
CPU: 14, Mem: 0.0, Load: 0.17 0.15 0.15
CPU: 13, Mem: 0.0, Load: 0.16 0.15 0.15
CPU: 15, Mem: 0.0, Load: 0.14 0.15 0.15
CPU: 14, Mem: 0.0, Load: 0.13 0.14 0.15
CPU: 24, Mem: 0.0, Load: 0.12 0.14 0.15
CPU: 19, Mem: 0.0, Load: 0.11 0.14 0.14
CPU: 27, Mem: 0.0, Load: 0.10 0.14 0.14
CPU: 19, Mem: 0.0, Load: 0.09 0.13 0.14
CPU: 107, Mem: 0.0, Load: 0.09 0.13 0.14
CPU: 17, Mem: 0.0, Load: 0.08 0.13 0.14
CPU: 17, Mem: 0.0, Load: 0.07 0.13 0.14
CPU: 16, Mem: 0.0, Load: 0.07 0.12 0.14
CPU: 15, Mem: 0.0, Load: 0.06 0.12 0.14
CPU: 18, Mem: 0.0, Load: 0.06 0.12 0.14
CPU: 18, Mem: 0.0, Load: 0.05 0.12 0.14
CPU: 26, Mem: 0.0, Load: 0.05 0.11 0.13
CPU: 16, Mem: 0.0, Load: 0.04 0.11 0.13
CPU: 26, Mem: 0.0, Load: 0.04 0.11 0.13
CPU: 42, Mem: 0.0, Load: 0.12 0.13 0.14
CPU: 15, Mem: 0.0, Load: 0.11 0.12 0.14
CPU: 16, Mem: 0.0, Load: 0.10 0.12 0.14
CPU: 16, Mem: 0.0, Load: 0.09 0.12 0.13
CPU: 16, Mem: 0.0, Load: 0.08 0.12 0.13
CPU: 18, Mem: 0.0, Load: 0.08 0.11 0.13
CPU: 19, Mem: 0.0, Load: 0.07 0.11 0.13
CPU: 21, Mem: 0.0, Load: 0.22 0.14 0.14
CPU: 26, Mem: 0.0, Load: 0.21 0.14 0.14
CPU: 29, Mem: 0.0, Load: 0.19 0.14 0.14
CPU: 32, Mem: 0.0, Load: 0.33 0.17 0.15
CPU: 31, Mem: 0.0, Load: 0.39 0.18 0.16
CPU: 23, Mem: 0.0, Load: 0.36 0.18 0.16
CPU: 16, Mem: 0.0, Load: 0.33 0.18 0.15
CPU: 21, Mem: 0.0, Load: 0.30 0.17 0.15
CPU: 36, Mem: 0.0, Load: 0.28 0.17 0.15
CPU: 16, Mem: 0.0, Load: 0.25 0.17 0.15
CPU: 24, Mem: 0.0, Load: 0.23 0.16 0.15
CPU: 31, Mem: 0.0, Load: 0.21 0.16 0.15
CPU: 14, Mem: 0.0, Load: 0.36 0.19 0.16
CPU: 14, Mem: 0.0, Load: 0.33 0.19 0.16
CPU: 16, Mem: 0.0, Load: 0.38 0.20 0.16
CPU: 16, Mem: 0.0, Load: 0.35 0.20 0.16
CPU: 15, Mem: 0.0, Load: 0.32 0.19 0.16
CPU: 16, Mem: 0.0, Load: 0.38 0.21 0.17
CPU: 17, Mem: 0.0, Load: 0.35 0.20 0.17
CPU: 13, Mem: 0.0, Load: 0.40 0.22 0.17
CPU: 14, Mem: 0.0, Load: 0.37 0.21 0.17
CPU: 12, Mem: 0.0, Load: 0.34 0.21 0.17
CPU: 20, Mem: 0.0, Load: 0.31 0.21 0.17
CPU: 13, Mem: 0.0, Load: 0.28 0.20 0.17
CPU: 14, Mem: 0.0, Load: 0.26 0.20 0.16
CPU: 15, Mem: 0.0, Load: 0.24 0.19 0.16
CPU: 15, Mem: 0.0, Load: 0.22 0.19 0.16
CPU: 19, Mem: 0.0, Load: 0.20 0.19 0.16
CPU: 18, Mem: 0.0, Load: 0.19 0.18 0.16
CPU: 14, Mem: 0.0, Load: 0.17 0.18 0.16
CPU: 14, Mem: 0.0, Load: 0.24 0.19 0.16
CPU: 17, Mem: 0.0, Load: 0.30 0.21 0.17
CPU: 15, Mem: 0.0, Load: 0.27 0.20 0.17
CPU: 16, Mem: 0.0, Load: 0.33 0.22 0.17
CPU: 14, Mem: 0.0, Load: 0.31 0.21 0.17
CPU: 15, Mem: 0.0, Load: 0.28 0.21 0.17
CPU: 13, Mem: 0.0, Load: 0.26 0.21 0.17
CPU: 12, Mem: 0.0, Load: 0.24 0.20 0.17
CPU: 110, Mem: 0.0, Load: 0.22 0.20 0.17
CPU: 15, Mem: 0.0, Load: 0.28 0.21 0.17
CPU: 12, Mem: 0.0, Load: 0.26 0.21 0.17
CPU: 13, Mem: 0.0, Load: 0.24 0.20 0.17
CPU: 16, Mem: 0.0, Load: 0.22 0.20 0.17
CPU: 13, Mem: 0.0, Load: 0.20 0.20 0.16
CPU: 14, Mem: 0.0, Load: 0.18 0.19 0.16
CPU: 13, Mem: 0.0, Load: 0.17 0.19 0.16
CPU: 13, Mem: 0.0, Load: 0.16 0.19 0.16
CPU: 13, Mem: 0.0, Load: 0.28 0.21 0.17
CPU: 14, Mem: 0.0, Load: 0.26 0.21 0.17
CPU: 13, Mem: 0.0, Load: 0.24 0.21 0.17
CPU: 15, Mem: 0.0, Load: 0.22 0.20 0.17
CPU: 13, Mem: 0.0, Load: 0.20 0.20 0.17
CPU: 14, Mem: 0.0, Load: 0.19 0.19 0.16
CPU: 19, Mem: 0.0, Load: 0.17 0.19 0.16
CPU: 15, Mem: 0.0, Load: 0.16 0.19 0.16
CPU: 14, Mem: 0.0, Load: 0.14 0.18 0.16
CPU: 23, Mem: 0.0, Load: 0.13 0.18 0.16
CPU: 16, Mem: 0.0, Load: 0.12 0.18 0.16
CPU: 16, Mem: 0.0, Load: 0.11 0.17 0.16
CPU: 16, Mem: 0.0, Load: 0.10 0.17 0.16
CPU: 15, Mem: 0.0, Load: 0.09 0.17 0.16
CPU: 16, Mem: 0.0, Load: 0.09 0.17 0.16
CPU: 22, Mem: 0.0, Load: 0.08 0.16 0.15
CPU: 14, Mem: 0.0, Load: 0.07 0.16 0.15
CPU: 14, Mem: 0.0, Load: 0.07 0.16 0.15
CPU: 99, Mem: 0.0, Load: 0.14 0.17 0.16
CPU: 16, Mem: 0.0, Load: 0.13 0.17 0.16
CPU: 17, Mem: 0.0, Load: 0.12 0.16 0.16
CPU: 18, Mem: 0.0, Load: 0.19 0.18 0.16
CPU: 15, Mem: 0.0, Load: 0.25 0.19 0.17
CPU: 15, Mem: 0.0, Load: 0.23 0.19 0.16
CPU: 15, Mem: 0.0, Load: 0.21 0.18 0.16
CPU: 14, Mem: 0.0, Load: 0.20 0.18 0.16
CPU: 15, Mem: 0.0, Load: 0.18 0.18 0.16
CPU: 16, Mem: 0.0, Load: 0.17 0.17 0.16
CPU: 14, Mem: 0.0, Load: 0.15 0.17 0.16
CPU: 15, Mem: 0.0, Load: 0.14 0.17 0.16
CPU: 14, Mem: 0.0, Load: 0.13 0.17 0.16
CPU: 14, Mem: 0.0, Load: 0.12 0.16 0.16
CPU: 14, Mem: 0.0, Load: 0.11 0.16 0.16
CPU: 15, Mem: 0.0, Load: 0.18 0.17 0.16
CPU: 13, Mem: 0.0, Load: 0.17 0.17 0.16
CPU: 13, Mem: 0.0, Load: 0.23 0.18 0.16
CPU: 13, Mem: 0.0, Load: 0.21 0.18 0.16
CPU: 18, Mem: 0.0, Load: 0.28 0.19 0.17
CPU: 12, Mem: 0.0, Load: 0.25 0.19 0.17
CPU: 16, Mem: 0.0, Load: 0.23 0.19 0.17
CPU: 15, Mem: 0.0, Load: 0.21 0.18 0.16
CPU: 21, Mem: 0.0, Load: 0.28 0.20 0.17
CPU: 14, Mem: 0.0, Load: 0.25 0.19 0.17
CPU: 15, Mem: 0.0, Load: 0.23 0.19 0.17
CPU: 14, Mem: 0.0, Load: 0.29 0.20 0.17
CPU: 14, Mem: 0.0, Load: 0.27 0.20 0.17
CPU: 14, Mem: 0.0, Load: 0.33 0.21 0.17
CPU: 12, Mem: 0.0, Load: 0.30 0.21 0.17
CPU: 14, Mem: 0.0, Load: 0.36 0.22 0.18
CPU: 18, Mem: 0.0, Load: 0.33 0.22 0.18
CPU: 14, Mem: 0.0, Load: 0.30 0.21 0.17
CPU: 20, Mem: 0.0, Load: 0.28 0.21 0.17
CPU: 15, Mem: 0.0, Load: 0.26 0.21 0.17
CPU: 16, Mem: 0.0, Load: 0.24 0.20 0.17
CPU: 15, Mem: 0.0, Load: 0.22 0.20 0.17
CPU: 15, Mem: 0.0, Load: 0.28 0.21 0.17
CPU: 15, Mem: 0.0, Load: 0.26 0.21 0.17
CPU: 13, Mem: 0.0, Load: 0.24 0.20 0.17
CPU: 13, Mem: 0.0, Load: 0.22 0.20 0.17
CPU: 15, Mem: 0.0, Load: 0.20 0.20 0.17
CPU: 14, Mem: 0.0, Load: 0.18 0.19 0.17
===STOP===
===START=== 127.0.0.1: 30000
CPU: 14, Mem: 0.0, Load: 0.02 0.12 0.14
===STOP===
===START=== 127.0.0.1: 30000
CPU: 13, Mem: 0.0, Load: 0.08 0.12 0.14
===STOP===
===START=== 127.0.0.1: 30000
===START=== 127.0.0.1: 30000
CPU: 13, Mem: 0.0, Load: 0.20 0.16 0.16
CPU: 15, Mem: 0.0, Load: 0.20 0.16 0.16
CPU: 14, Mem: 0.0, Load: 0.20 0.16 0.16
CPU: 13, Mem: 0.0, Load: 0.18 0.16 0.15
CPU: 15, Mem: 0.0, Load: 0.18 0.16 0.15
CPU: 13, Mem: 0.0, Load: 0.18 0.16 0.15
CPU: 13, Mem: 0.0, Load: 0.18 0.16 0.15
CPU: 16, Mem: 0.0, Load: 0.18 0.16 0.15
CPU: 17, Mem: 0.0, Load: 0.17 0.16 0.15
CPU: 14, Mem: 0.0, Load: 0.17 0.16 0.15
===STOP===
===START=== 127.0.0.1: 30000
CPU: 18, Mem: 0.0, Load: 0.47 0.30 0.21
CPU: 31, Mem: 0.0, Load: 0.47 0.30 0.21
CPU: 31, Mem: 0.0, Load: 0.47 0.30 0.21
CPU: 31, Mem: 0.0, Load: 0.47 0.30 0.21
CPU: 39, Mem: 0.0, Load: 0.47 0.30 0.21
CPU: 39, Mem: 0.0, Load: 0.47 0.30 0.21
CPU: 39, Mem: 0.0, Load: 0.47 0.30 0.21
CPU: 44, Mem: 0.0, Load: 0.47 0.30 0.21
CPU: 44, Mem: 0.0, Load: 0.47 0.30 0.21
CPU: 50, Mem: 0.0, Load: 0.47 0.30 0.21
CPU: 49, Mem: 0.0, Load: 0.47 0.30 0.21
CPU: 49, Mem: 0.0, Load: 0.47 0.30 0.21
CPU: 54, Mem: 0.0, Load: 0.47 0.30 0.21
CPU: 54, Mem: 0.0, Load: 0.47 0.30 0.21
CPU: 54, Mem: 0.0, Load: 0.47 0.30 0.21
CPU: 58, Mem: 0.0, Load: 0.47 0.30 0.21
CPU: 58, Mem: 0.0, Load: 0.47 0.30 0.21
CPU: 56, Mem: 0.0, Load: 0.47 0.30 0.21
CPU: 55, Mem: 0.0, Load: 0.47 0.30 0.21
CPU: 55, Mem: 0.0, Load: 0.47 0.30 0.21
CPU: 53, Mem: 0.0, Load: 0.47 0.30 0.21
CPU: 53, Mem: 0.0, Load: 0.47 0.30 0.21
CPU: 53, Mem: 0.0, Load: 0.47 0.30 0.21
CPU: 55, Mem: 0.0, Load: 0.47 0.30 0.21
CPU: 55, Mem: 0.0, Load: 0.47 0.30 0.21
CPU: 55, Mem: 0.0, Load: 0.47 0.30 0.21
CPU: 54, Mem: 0.0, Load: 0.47 0.30 0.21
CPU: 54, Mem: 0.0, Load: 0.47 0.30 0.21
CPU: 54, Mem: 0.0, Load: 0.47 0.30 0.21
CPU: 54, Mem: 0.0, Load: 0.47 0.30 0.21
CPU: 54, Mem: 0.0, Load: 0.47 0.30 0.21
CPU: 54, Mem: 0.0, Load: 0.47 0.30 0.21
CPU: 54, Mem: 0.0, Load: 0.47 0.30 0.21
CPU: 54, Mem: 0.0, Load: 0.47 0.30 0.21
CPU: 54, Mem: 0.0, Load: 0.47 0.30 0.21
CPU: 54, Mem: 0.0, Load: 0.47 0.30 0.21
CPU: 54, Mem: 0.0, Load: 0.47 0.30 0.21
CPU: 53, Mem: 0.0, Load: 0.47 0.30 0.21
CPU: 53, Mem: 0.0, Load: 0.47 0.30 0.21
CPU: 57, Mem: 0.0, Load: 0.47 0.30 0.21
CPU: 57, Mem: 0.0, Load: 0.47 0.30 0.21
CPU: 57, Mem: 0.0, Load: 0.47 0.30 0.21
CPU: 54, Mem: 0.0, Load: 0.47 0.30 0.21
CPU: 54, Mem: 0.0, Load: 0.47 0.30 0.21
CPU: 54, Mem: 0.0, Load: 0.47 0.30 0.21
CPU: 58, Mem: 0.0, Load: 0.47 0.30 0.21
CPU: 58, Mem: 0.0, Load: 0.47 0.30 0.21
CPU: 58, Mem: 0.0, Load: 0.47 0.30 0.21
CPU: 56, Mem: 0.0, Load: 0.47 0.30 0.21
CPU: 56, Mem: 0.0, Load: 0.47 0.30 0.21
CPU: 57, Mem: 0.0, Load: 0.51 0.31 0.21
CPU: 56, Mem: 0.0, Load: 0.51 0.31 0.21
CPU: 56, Mem: 0.0, Load: 0.51 0.31 0.21
CPU: 55, Mem: 0.0, Load: 0.51 0.31 0.21
CPU: 55, Mem: 0.0, Load: 0.51 0.31 0.21
CPU: 55, Mem: 0.0, Load: 0.51 0.31 0.21
CPU: 55, Mem: 0.0, Load: 0.51 0.31 0.21
CPU: 55, Mem: 0.0, Load: 0.51 0.31 0.21
CPU: 60, Mem: 0.0, Load: 0.51 0.31 0.21
CPU: 60, Mem: 0.0, Load: 0.51 0.31 0.21
CPU: 60, Mem: 0.0, Load: 0.51 0.31 0.21
CPU: 61, Mem: 0.0, Load: 0.51 0.31 0.21
CPU: 61, Mem: 0.0, Load: 0.51 0.31 0.21
CPU: 61, Mem: 0.0, Load: 0.51 0.31 0.21
CPU: 56, Mem: 0.0, Load: 0.51 0.31 0.21
CPU: 56, Mem: 0.0, Load: 0.51 0.31 0.21
CPU: 57, Mem: 0.0, Load: 0.51 0.31 0.21
CPU: 57, Mem: 0.0, Load: 0.51 0.31 0.21
CPU: 57, Mem: 0.0, Load: 0.51 0.31 0.21
CPU: 55, Mem: 0.0, Load: 0.51 0.31 0.21
CPU: 55, Mem: 0.0, Load: 0.51 0.31 0.21
CPU: 55, Mem: 0.0, Load: 0.51 0.31 0.21
CPU: 54, Mem: 0.0, Load: 0.51 0.31 0.21
CPU: 53, Mem: 0.0, Load: 0.51 0.31 0.21
CPU: 53, Mem: 0.0, Load: 0.51 0.31 0.21
CPU: 54, Mem: 0.0, Load: 0.51 0.31 0.21
CPU: 54, Mem: 0.0, Load: 0.51 0.31 0.21
CPU: 53, Mem: 0.0, Load: 0.51 0.31 0.21
CPU: 55, Mem: 0.0, Load: 0.51 0.31 0.21
CPU: 55, Mem: 0.0, Load: 0.51 0.31 0.21
CPU: 54, Mem: 0.0, Load: 0.51 0.31 0.21
CPU: 54, Mem: 0.0, Load: 0.51 0.31 0.21
CPU: 54, Mem: 0.0, Load: 0.51 0.31 0.21
CPU: 53, Mem: 0.0, Load: 0.51 0.31 0.21
CPU: 53, Mem: 0.0, Load: 0.51 0.31 0.21
CPU: 53, Mem: 0.0, Load: 0.51 0.31 0.21
CPU: 51, Mem: 0.0, Load: 0.51 0.31 0.21
CPU: 51, Mem: 0.0, Load: 0.51 0.31 0.21
CPU: 51, Mem: 0.0, Load: 0.51 0.31 0.21
CPU: 52, Mem: 0.0, Load: 0.51 0.31 0.21
CPU: 52, Mem: 0.0, Load: 0.51 0.31 0.21
CPU: 68, Mem: 0.0, Load: 0.51 0.31 0.21
CPU: 68, Mem: 0.0, Load: 0.51 0.31 0.21
CPU: 66, Mem: 0.0, Load: 0.51 0.31 0.21
CPU: 66, Mem: 0.0, Load: 0.51 0.31 0.21
CPU: 66, Mem: 0.0, Load: 0.51 0.31 0.21
CPU: 59, Mem: 0.0, Load: 0.51 0.31 0.21
CPU: 59, Mem: 0.0, Load: 0.51 0.31 0.21
CPU: 59, Mem: 0.0, Load: 0.51 0.31 0.21
CPU: 63, Mem: 0.0, Load: 0.51 0.31 0.21
CPU: 63, Mem: 0.0, Load: 0.51 0.31 0.21
CPU: 59, Mem: 0.0, Load: 0.51 0.31 0.21
CPU: 57, Mem: 0.0, Load: 0.51 0.31 0.21
CPU: 57, Mem: 0.0, Load: 0.51 0.31 0.21
CPU: 55, Mem: 0.0, Load: 0.51 0.31 0.21
CPU: 55, Mem: 0.0, Load: 0.51 0.31 0.21
CPU: 55, Mem: 0.0, Load: 0.51 0.31 0.21
CPU: 52, Mem: 0.0, Load: 0.51 0.31 0.21
CPU: 52, Mem: 0.0, Load: 0.51 0.31 0.21
CPU: 52, Mem: 0.0, Load: 0.51 0.31 0.21
CPU: 51, Mem: 0.0, Load: 0.51 0.31 0.21
CPU: 51, Mem: 0.0, Load: 0.51 0.31 0.21
CPU: 51, Mem: 0.0, Load: 0.51 0.31 0.21
CPU: 52, Mem: 0.0, Load: 0.51 0.31 0.21
CPU: 52, Mem: 0.0, Load: 0.51 0.31 0.21
CPU: 57, Mem: 0.0, Load: 0.51 0.31 0.21
CPU: 56, Mem: 0.0, Load: 0.51 0.31 0.21
CPU: 56, Mem: 0.0, Load: 0.51 0.31 0.21
CPU: 55, Mem: 0.0, Load: 0.51 0.31 0.21
CPU: 55, Mem: 0.0, Load: 0.51 0.31 0.21
CPU: 55, Mem: 0.0, Load: 0.51 0.31 0.21
CPU: 57, Mem: 0.0, Load: 0.51 0.31 0.21
CPU: 57, Mem: 0.0, Load: 0.51 0.31 0.21
CPU: 69, Mem: 0.0, Load: 0.51 0.31 0.21
CPU: 69, Mem: 0.0, Load: 0.51 0.31 0.21
CPU: 69, Mem: 0.0, Load: 0.51 0.31 0.21
CPU: 65, Mem: 0.0, Load: 0.51 0.31 0.21
CPU: 65, Mem: 0.0, Load: 0.51 0.31 0.21
CPU: 65, Mem: 0.0, Load: 0.51 0.31 0.21
CPU: 65, Mem: 0.0, Load: 0.51 0.31 0.21
CPU: 65, Mem: 0.0, Load: 0.51 0.31 0.21
CPU: 62, Mem: 0.0, Load: 0.51 0.31 0.21
CPU: 62, Mem: 0.0, Load: 0.51 0.31 0.21
CPU: 62, Mem: 0.0, Load: 0.51 0.31 0.21
CPU: 57, Mem: 0.0, Load: 0.51 0.31 0.21
CPU: 57, Mem: 0.0, Load: 0.51 0.31 0.21
CPU: 56, Mem: 0.0, Load: 0.51 0.31 0.21
CPU: 56, Mem: 0.0, Load: 0.51 0.31 0.21
CPU: 56, Mem: 0.0, Load: 0.51 0.31 0.21
CPU: 58, Mem: 0.0, Load: 0.51 0.31 0.21
CPU: 58, Mem: 0.0, Load: 0.51 0.31 0.21
CPU: 58, Mem: 0.0, Load: 0.51 0.31 0.21
CPU: 58, Mem: 0.0, Load: 0.51 0.31 0.21
CPU: 58, Mem: 0.0, Load: 0.51 0.31 0.21
CPU: 58, Mem: 0.0, Load: 0.51 0.31 0.21
CPU: 60, Mem: 0.0, Load: 0.51 0.31 0.21
CPU: 60, Mem: 0.0, Load: 0.51 0.31 0.21
CPU: 58, Mem: 0.0, Load: 0.51 0.31 0.21
CPU: 58, Mem: 0.0, Load: 0.51 0.31 0.21
CPU: 68, Mem: 0.0, Load: 0.51 0.31 0.21
CPU: 68, Mem: 0.0, Load: 0.51 0.31 0.21
CPU: 68, Mem: 0.0, Load: 0.51 0.31 0.21
CPU: 69, Mem: 0.0, Load: 0.51 0.31 0.21
CPU: 69, Mem: 0.0, Load: 0.51 0.31 0.21
CPU: 69, Mem: 0.0, Load: 0.51 0.31 0.21
CPU: 64, Mem: 0.0, Load: 0.51 0.31 0.21
CPU: 64, Mem: 0.0, Load: 0.51 0.31 0.21
CPU: 64, Mem: 0.0, Load: 0.55 0.32 0.22
CPU: 59, Mem: 0.0, Load: 0.55 0.32 0.22
CPU: 59, Mem: 0.0, Load: 0.55 0.32 0.22
CPU: 57, Mem: 0.0, Load: 0.55 0.32 0.22
CPU: 57, Mem: 0.0, Load: 0.55 0.32 0.22
CPU: 57, Mem: 0.0, Load: 0.55 0.32 0.22
CPU: 59, Mem: 0.0, Load: 0.55 0.32 0.22
CPU: 59, Mem: 0.0, Load: 0.55 0.32 0.22
CPU: 59, Mem: 0.0, Load: 0.55 0.32 0.22
CPU: 55, Mem: 0.0, Load: 0.55 0.32 0.22
CPU: 55, Mem: 0.0, Load: 0.55 0.32 0.22
CPU: 55, Mem: 0.0, Load: 0.55 0.32 0.22
CPU: 54, Mem: 0.0, Load: 0.55 0.32 0.22
CPU: 54, Mem: 0.0, Load: 0.55 0.32 0.22
CPU: 59, Mem: 0.0, Load: 0.55 0.32 0.22
CPU: 59, Mem: 0.0, Load: 0.55 0.32 0.22
CPU: 59, Mem: 0.0, Load: 0.55 0.32 0.22
CPU: 55, Mem: 0.0, Load: 0.55 0.32 0.22
CPU: 55, Mem: 0.0, Load: 0.55 0.32 0.22
CPU: 55, Mem: 0.0, Load: 0.55 0.32 0.22
CPU: 57, Mem: 0.0, Load: 0.55 0.32 0.22
CPU: 57, Mem: 0.0, Load: 0.55 0.32 0.22
CPU: 57, Mem: 0.0, Load: 0.55 0.32 0.22
CPU: 57, Mem: 0.0, Load: 0.55 0.32 0.22
CPU: 57, Mem: 0.0, Load: 0.55 0.32 0.22
CPU: 56, Mem: 0.0, Load: 0.55 0.32 0.22
CPU: 56, Mem: 0.0, Load: 0.55 0.32 0.22
CPU: 56, Mem: 0.0, Load: 0.55 0.32 0.22
CPU: 57, Mem: 0.0, Load: 0.55 0.32 0.22
CPU: 57, Mem: 0.0, Load: 0.55 0.32 0.22
CPU: 57, Mem: 0.0, Load: 0.55 0.32 0.22
CPU: 55, Mem: 0.0, Load: 0.55 0.32 0.22
CPU: 55, Mem: 0.0, Load: 0.55 0.32 0.22
CPU: 55, Mem: 0.0, Load: 0.55 0.32 0.22
CPU: 54, Mem: 0.0, Load: 0.55 0.32 0.22
CPU: 54, Mem: 0.0, Load: 0.55 0.32 0.22
CPU: 57, Mem: 0.0, Load: 0.55 0.32 0.22
CPU: 57, Mem: 0.0, Load: 0.55 0.32 0.22
CPU: 57, Mem: 0.0, Load: 0.55 0.32 0.22
CPU: 55, Mem: 0.0, Load: 0.55 0.32 0.22
CPU: 55, Mem: 0.0, Load: 0.55 0.32 0.22
CPU: 55, Mem: 0.0, Load: 0.55 0.32 0.22
CPU: 51, Mem: 0.0, Load: 0.55 0.32 0.22
CPU: 51, Mem: 0.0, Load: 0.55 0.32 0.22
CPU: 57, Mem: 0.0, Load: 0.55 0.32 0.22
CPU: 57, Mem: 0.0, Load: 0.55 0.32 0.22
CPU: 57, Mem: 0.0, Load: 0.55 0.32 0.22
CPU: 55, Mem: 0.0, Load: 0.55 0.32 0.22
CPU: 55, Mem: 0.0, Load: 0.55 0.32 0.22
CPU: 55, Mem: 0.0, Load: 0.55 0.32 0.22
CPU: 57, Mem: 0.0, Load: 0.55 0.32 0.22
CPU: 57, Mem: 0.0, Load: 0.55 0.32 0.22
CPU: 57, Mem: 0.0, Load: 0.55 0.32 0.22
CPU: 57, Mem: 0.0, Load: 0.55 0.32 0.22
CPU: 57, Mem: 0.0, Load: 0.55 0.32 0.22
CPU: 60, Mem: 0.0, Load: 0.55 0.32 0.22
CPU: 60, Mem: 0.0, Load: 0.55 0.32 0.22
CPU: 60, Mem: 0.0, Load: 0.55 0.32 0.22
CPU: 55, Mem: 0.0, Load: 0.55 0.32 0.22
CPU: 55, Mem: 0.0, Load: 0.55 0.32 0.22
CPU: 55, Mem: 0.0, Load: 0.55 0.32 0.22
CPU: 59, Mem: 0.0, Load: 0.55 0.32 0.22
CPU: 59, Mem: 0.0, Load: 0.55 0.32 0.22
CPU: 57, Mem: 0.0, Load: 0.55 0.32 0.22
CPU: 55, Mem: 0.0, Load: 0.55 0.32 0.22
CPU: 55, Mem: 0.0, Load: 0.55 0.32 0.22
CPU: 57, Mem: 0.0, Load: 0.55 0.32 0.22
CPU: 56, Mem: 0.0, Load: 0.55 0.32 0.22
CPU: 56, Mem: 0.0, Load: 0.55 0.32 0.22
CPU: 55, Mem: 0.0, Load: 0.55 0.32 0.22
CPU: 55, Mem: 0.0, Load: 0.55 0.32 0.22
CPU: 55, Mem: 0.0, Load: 0.55 0.32 0.22
CPU: 61, Mem: 0.0, Load: 0.55 0.32 0.22
CPU: 61, Mem: 0.0, Load: 0.55 0.32 0.22
CPU: 59, Mem: 0.0, Load: 0.55 0.32 0.22
CPU: 58, Mem: 0.0, Load: 0.55 0.32 0.22
CPU: 58, Mem: 0.0, Load: 0.55 0.32 0.22
CPU: 54, Mem: 0.0, Load: 0.55 0.32 0.22
CPU: 54, Mem: 0.0, Load: 0.55 0.32 0.22
CPU: 54, Mem: 0.0, Load: 0.55 0.32 0.22
CPU: 51, Mem: 0.0, Load: 0.55 0.32 0.22
CPU: 51, Mem: 0.0, Load: 0.55 0.32 0.22
CPU: 51, Mem: 0.0, Load: 0.55 0.32 0.22
CPU: 57, Mem: 0.0, Load: 0.55 0.32 0.22
CPU: 57, Mem: 0.0, Load: 0.55 0.32 0.22
CPU: 59, Mem: 0.0, Load: 0.55 0.32 0.22
CPU: 58, Mem: 0.0, Load: 0.55 0.32 0.22
CPU: 58, Mem: 0.0, Load: 0.55 0.32 0.22
CPU: 57, Mem: 0.0, Load: 0.55 0.32 0.22
CPU: 57, Mem: 0.0, Load: 0.55 0.32 0.22
CPU: 67, Mem: 0.0, Load: 0.55 0.32 0.22
CPU: 67, Mem: 0.0, Load: 0.55 0.32 0.22
CPU: 67, Mem: 0.0, Load: 0.55 0.32 0.22
CPU: 66, Mem: 0.0, Load: 0.55 0.32 0.22
CPU: 66, Mem: 0.0, Load: 0.55 0.32 0.22
CPU: 61, Mem: 0.0, Load: 0.55 0.32 0.22
CPU: 61, Mem: 0.0, Load: 0.55 0.32 0.22
CPU: 61, Mem: 0.0, Load: 0.55 0.32 0.22
CPU: 58, Mem: 0.0, Load: 0.55 0.32 0.22
CPU: 58, Mem: 0.0, Load: 0.55 0.32 0.22
CPU: 58, Mem: 0.0, Load: 0.55 0.32 0.22
CPU: 57, Mem: 0.0, Load: 0.55 0.32 0.22
CPU: 57, Mem: 0.0, Load: 0.55 0.32 0.22
CPU: 57, Mem: 0.0, Load: 0.55 0.32 0.22
CPU: 55, Mem: 0.0, Load: 0.55 0.32 0.22
CPU: 55, Mem: 0.0, Load: 0.55 0.32 0.22
CPU: 59, Mem: 0.0, Load: 0.55 0.32 0.22
CPU: 59, Mem: 0.0, Load: 0.55 0.32 0.22
CPU: 59, Mem: 0.0, Load: 0.82 0.38 0.24
CPU: 56, Mem: 0.0, Load: 0.82 0.38 0.24
CPU: 56, Mem: 0.0, Load: 0.82 0.38 0.24
CPU: 56, Mem: 0.0, Load: 0.82 0.38 0.24
CPU: 57, Mem: 0.0, Load: 0.82 0.38 0.24
CPU: 57, Mem: 0.0, Load: 0.82 0.38 0.24
CPU: 57, Mem: 0.0, Load: 0.82 0.38 0.24
CPU: 58, Mem: 0.0, Load: 0.82 0.38 0.24
CPU: 58, Mem: 0.0, Load: 0.82 0.38 0.24
CPU: 57, Mem: 0.0, Load: 0.82 0.38 0.24
CPU: 56, Mem: 0.0, Load: 0.82 0.38 0.24
CPU: 56, Mem: 0.0, Load: 0.82 0.38 0.24
CPU: 55, Mem: 0.0, Load: 0.82 0.38 0.24
CPU: 55, Mem: 0.0, Load: 0.82 0.38 0.24
CPU: 55, Mem: 0.0, Load: 0.82 0.38 0.24
CPU: 54, Mem: 0.0, Load: 0.82 0.38 0.24
CPU: 54, Mem: 0.0, Load: 0.82 0.38 0.24
CPU: 54, Mem: 0.0, Load: 0.82 0.38 0.24
CPU: 53, Mem: 0.0, Load: 0.82 0.38 0.24
CPU: 53, Mem: 0.0, Load: 0.82 0.38 0.24
CPU: 59, Mem: 0.0, Load: 0.82 0.38 0.24
CPU: 59, Mem: 0.0, Load: 0.82 0.38 0.24
CPU: 59, Mem: 0.0, Load: 0.82 0.38 0.24
CPU: 55, Mem: 0.0, Load: 0.82 0.38 0.24
CPU: 55, Mem: 0.0, Load: 0.82 0.38 0.24
CPU: 55, Mem: 0.0, Load: 0.82 0.38 0.24
CPU: 57, Mem: 0.0, Load: 0.82 0.38 0.24
CPU: 57, Mem: 0.0, Load: 0.82 0.38 0.24
CPU: 60, Mem: 0.0, Load: 0.82 0.38 0.24
CPU: 58, Mem: 0.0, Load: 0.82 0.38 0.24
CPU: 58, Mem: 0.0, Load: 0.82 0.38 0.24
CPU: 55, Mem: 0.0, Load: 0.82 0.38 0.24
CPU: 55, Mem: 0.0, Load: 0.82 0.38 0.24
CPU: 55, Mem: 0.0, Load: 0.82 0.38 0.24
CPU: 54, Mem: 0.0, Load: 0.82 0.38 0.24
CPU: 54, Mem: 0.0, Load: 0.82 0.38 0.24
CPU: 59, Mem: 0.0, Load: 0.82 0.38 0.24
CPU: 59, Mem: 0.0, Load: 0.82 0.38 0.24
CPU: 59, Mem: 0.0, Load: 0.82 0.38 0.24
CPU: 59, Mem: 0.0, Load: 0.82 0.38 0.24
CPU: 59, Mem: 0.0, Load: 0.82 0.38 0.24
CPU: 59, Mem: 0.0, Load: 0.82 0.38 0.24
CPU: 57, Mem: 0.0, Load: 0.82 0.38 0.24
CPU: 57, Mem: 0.0, Load: 0.82 0.38 0.24
CPU: 55, Mem: 0.0, Load: 0.82 0.38 0.24
CPU: 55, Mem: 0.0, Load: 0.82 0.38 0.24
CPU: 55, Mem: 0.0, Load: 0.82 0.38 0.24
CPU: 55, Mem: 0.0, Load: 0.82 0.38 0.24
CPU: 55, Mem: 0.0, Load: 0.82 0.38 0.24
CPU: 55, Mem: 0.0, Load: 0.82 0.38 0.24
CPU: 56, Mem: 0.0, Load: 0.82 0.38 0.24
CPU: 56, Mem: 0.0, Load: 0.82 0.38 0.24
CPU: 56, Mem: 0.0, Load: 0.82 0.38 0.24
CPU: 55, Mem: 0.0, Load: 0.82 0.38 0.24
CPU: 55, Mem: 0.0, Load: 0.82 0.38 0.24
CPU: 66, Mem: 0.0, Load: 0.82 0.38 0.24
CPU: 66, Mem: 0.0, Load: 0.82 0.38 0.24
CPU: 66, Mem: 0.0, Load: 0.82 0.38 0.24
CPU: 64, Mem: 0.0, Load: 0.82 0.38 0.24
CPU: 64, Mem: 0.0, Load: 0.82 0.38 0.24
CPU: 60, Mem: 0.0, Load: 0.82 0.38 0.24
CPU: 60, Mem: 0.0, Load: 0.82 0.38 0.24
CPU: 60, Mem: 0.0, Load: 0.82 0.38 0.24
CPU: 61, Mem: 0.0, Load: 0.82 0.38 0.24
CPU: 61, Mem: 0.0, Load: 0.82 0.38 0.24
CPU: 61, Mem: 0.0, Load: 0.82 0.38 0.24
CPU: 61, Mem: 0.0, Load: 0.82 0.38 0.24
CPU: 61, Mem: 0.0, Load: 0.82 0.38 0.24
CPU: 58, Mem: 0.0, Load: 0.82 0.38 0.24
CPU: 58, Mem: 0.0, Load: 0.82 0.38 0.24
CPU: 58, Mem: 0.0, Load: 0.82 0.38 0.24
CPU: 58, Mem: 0.0, Load: 0.82 0.38 0.24
CPU: 58, Mem: 0.0, Load: 0.82 0.38 0.24
CPU: 58, Mem: 0.0, Load: 0.82 0.38 0.24
CPU: 57, Mem: 0.0, Load: 0.82 0.38 0.24
CPU: 57, Mem: 0.0, Load: 0.82 0.38 0.24
CPU: 59, Mem: 0.0, Load: 0.82 0.38 0.24
CPU: 59, Mem: 0.0, Load: 0.82 0.38 0.24
CPU: 59, Mem: 0.0, Load: 0.82 0.38 0.24
CPU: 54, Mem: 0.0, Load: 0.82 0.38 0.24
CPU: 54, Mem: 0.0, Load: 0.82 0.38 0.24
CPU: 54, Mem: 0.0, Load: 0.82 0.38 0.24
CPU: 58, Mem: 0.0, Load: 0.82 0.38 0.24
CPU: 58, Mem: 0.0, Load: 0.82 0.38 0.24
CPU: 57, Mem: 0.0, Load: 0.82 0.38 0.24
CPU: 56, Mem: 0.0, Load: 0.82 0.38 0.24
CPU: 56, Mem: 0.0, Load: 0.82 0.38 0.24
CPU: 53, Mem: 0.0, Load: 0.82 0.38 0.24
CPU: 53, Mem: 0.0, Load: 0.82 0.38 0.24
CPU: 53, Mem: 0.0, Load: 0.82 0.38 0.24
CPU: 54, Mem: 0.0, Load: 0.82 0.38 0.24
CPU: 54, Mem: 0.0, Load: 0.82 0.38 0.24
CPU: 63, Mem: 0.0, Load: 0.82 0.38 0.24
CPU: 62, Mem: 0.0, Load: 0.82 0.38 0.24
CPU: 62, Mem: 0.0, Load: 0.82 0.38 0.24
CPU: 56, Mem: 0.0, Load: 0.82 0.38 0.24
CPU: 56, Mem: 0.0, Load: 0.82 0.38 0.24
CPU: 56, Mem: 0.0, Load: 0.82 0.38 0.24
CPU: 57, Mem: 0.0, Load: 0.82 0.38 0.24
CPU: 57, Mem: 0.0, Load: 0.82 0.38 0.24
CPU: 57, Mem: 0.0, Load: 0.82 0.38 0.24
CPU: 56, Mem: 0.0, Load: 0.82 0.38 0.24
CPU: 56, Mem: 0.0, Load: 0.82 0.38 0.24
CPU: 56, Mem: 0.0, Load: 0.82 0.38 0.24
CPU: 56, Mem: 0.0, Load: 0.82 0.38 0.24
CPU: 56, Mem: 0.0, Load: 0.82 0.38 0.24
CPU: 64, Mem: 0.0, Load: 0.82 0.38 0.24
CPU: 64, Mem: 0.0, Load: 0.82 0.38 0.24
CPU: 73, Mem: 0.0, Load: 0.92 0.41 0.25
CPU: 73, Mem: 0.0, Load: 0.92 0.41 0.25
CPU: 73, Mem: 0.0, Load: 0.92 0.41 0.25
CPU: 67, Mem: 0.0, Load: 0.92 0.41 0.25
CPU: 67, Mem: 0.0, Load: 0.92 0.41 0.25
CPU: 84, Mem: 0.0, Load: 0.92 0.41 0.25
CPU: 83, Mem: 0.0, Load: 0.92 0.41 0.25
CPU: 83, Mem: 0.0, Load: 0.92 0.41 0.25
CPU: 75, Mem: 0.0, Load: 0.92 0.41 0.25
CPU: 75, Mem: 0.0, Load: 0.92 0.41 0.25
CPU: 75, Mem: 0.0, Load: 0.92 0.41 0.25
CPU: 68, Mem: 0.0, Load: 0.92 0.41 0.25
CPU: 68, Mem: 0.0, Load: 0.92 0.41 0.25
CPU: 68, Mem: 0.0, Load: 0.92 0.41 0.25
CPU: 67, Mem: 0.0, Load: 0.92 0.41 0.25
CPU: 85, Mem: 0.0, Load: 0.92 0.41 0.25
CPU: 85, Mem: 0.0, Load: 0.92 0.41 0.25
CPU: 85, Mem: 0.0, Load: 0.92 0.41 0.25
CPU: 72, Mem: 0.0, Load: 0.92 0.41 0.25
CPU: 72, Mem: 0.0, Load: 0.92 0.41 0.25
CPU: 70, Mem: 0.0, Load: 0.92 0.41 0.25
CPU: 69, Mem: 0.0, Load: 0.92 0.41 0.25
CPU: 69, Mem: 0.0, Load: 0.92 0.41 0.25
CPU: 75, Mem: 0.0, Load: 0.92 0.41 0.25
CPU: 75, Mem: 0.0, Load: 0.92 0.41 0.25
CPU: 78, Mem: 0.0, Load: 0.92 0.41 0.25
CPU: 78, Mem: 0.0, Load: 0.92 0.41 0.25
CPU: 74, Mem: 0.0, Load: 0.92 0.41 0.25
CPU: 74, Mem: 0.0, Load: 0.92 0.41 0.25
CPU: 74, Mem: 0.0, Load: 0.92 0.41 0.25
CPU: 67, Mem: 0.0, Load: 0.92 0.41 0.25
CPU: 67, Mem: 0.0, Load: 0.92 0.41 0.25
CPU: 67, Mem: 0.0, Load: 0.92 0.41 0.25
CPU: 67, Mem: 0.0, Load: 0.92 0.41 0.25
CPU: 67, Mem: 0.0, Load: 0.92 0.41 0.25
CPU: 62, Mem: 0.0, Load: 0.92 0.41 0.25
CPU: 62, Mem: 0.0, Load: 0.92 0.41 0.25
CPU: 64, Mem: 0.0, Load: 0.92 0.41 0.25
CPU: 64, Mem: 0.0, Load: 0.92 0.41 0.25
CPU: 64, Mem: 0.0, Load: 0.92 0.41 0.25
CPU: 59, Mem: 0.0, Load: 0.92 0.41 0.25
CPU: 59, Mem: 0.0, Load: 0.92 0.41 0.25
CPU: 64, Mem: 0.0, Load: 0.92 0.41 0.25
CPU: 63, Mem: 0.0, Load: 0.92 0.41 0.25
CPU: 63, Mem: 0.0, Load: 0.92 0.41 0.25
CPU: 61, Mem: 0.0, Load: 0.92 0.41 0.25
CPU: 61, Mem: 0.0, Load: 0.92 0.41 0.25
CPU: 64, Mem: 0.0, Load: 0.92 0.41 0.25
CPU: 64, Mem: 0.0, Load: 0.92 0.41 0.25
CPU: 64, Mem: 0.0, Load: 0.92 0.41 0.25
CPU: 61, Mem: 0.0, Load: 0.92 0.41 0.25
CPU: 61, Mem: 0.0, Load: 0.92 0.41 0.25
CPU: 64, Mem: 0.0, Load: 0.92 0.41 0.25
CPU: 64, Mem: 0.0, Load: 0.92 0.41 0.25
CPU: 64, Mem: 0.0, Load: 0.92 0.41 0.25
CPU: 61, Mem: 0.0, Load: 0.92 0.41 0.25
CPU: 61, Mem: 0.0, Load: 0.92 0.41 0.25
CPU: 64, Mem: 0.0, Load: 0.92 0.41 0.25
CPU: 63, Mem: 0.0, Load: 0.92 0.41 0.25
CPU: 63, Mem: 0.0, Load: 0.92 0.41 0.25
CPU: 59, Mem: 0.0, Load: 0.92 0.41 0.25
CPU: 59, Mem: 0.0, Load: 0.92 0.41 0.25
CPU: 63, Mem: 0.0, Load: 0.92 0.41 0.25
CPU: 62, Mem: 0.0, Load: 0.92 0.41 0.25
CPU: 62, Mem: 0.0, Load: 0.92 0.41 0.25
CPU: 62, Mem: 0.0, Load: 0.92 0.41 0.25
CPU: 81, Mem: 0.0, Load: 0.92 0.41 0.25
CPU: 80, Mem: 0.0, Load: 0.92 0.41 0.25
CPU: 80, Mem: 0.0, Load: 0.92 0.41 0.25
CPU: 68, Mem: 0.0, Load: 0.92 0.41 0.25
CPU: 68, Mem: 0.0, Load: 0.92 0.41 0.25
CPU: 68, Mem: 0.0, Load: 0.92 0.41 0.25
CPU: 66, Mem: 0.0, Load: 0.92 0.41 0.25
CPU: 66, Mem: 0.0, Load: 0.92 0.41 0.25
CPU: 66, Mem: 0.0, Load: 0.92 0.41 0.25
CPU: 66, Mem: 0.0, Load: 0.92 0.41 0.25
CPU: 66, Mem: 0.0, Load: 0.92 0.41 0.25
CPU: 66, Mem: 0.0, Load: 0.92 0.41 0.25
CPU: 66, Mem: 0.0, Load: 0.92 0.41 0.25
CPU: 62, Mem: 0.0, Load: 0.92 0.41 0.25
CPU: 62, Mem: 0.0, Load: 0.92 0.41 0.25
CPU: 63, Mem: 0.0, Load: 0.92 0.41 0.25
CPU: 63, Mem: 0.0, Load: 0.92 0.41 0.25
CPU: 63, Mem: 0.0, Load: 0.92 0.41 0.25
CPU: 62, Mem: 0.0, Load: 0.92 0.41 0.25
CPU: 62, Mem: 0.0, Load: 0.92 0.41 0.25
CPU: 63, Mem: 0.0, Load: 0.92 0.41 0.25
CPU: 63, Mem: 0.0, Load: 0.92 0.41 0.25
CPU: 63, Mem: 0.0, Load: 0.92 0.41 0.25
CPU: 60, Mem: 0.0, Load: 0.92 0.41 0.25
CPU: 60, Mem: 0.0, Load: 0.92 0.41 0.25
CPU: 63, Mem: 0.0, Load: 0.92 0.41 0.25
CPU: 63, Mem: 0.0, Load: 0.92 0.41 0.25
CPU: 63, Mem: 0.0, Load: 0.92 0.41 0.25
CPU: 62, Mem: 0.0, Load: 0.92 0.41 0.25
CPU: 62, Mem: 0.0, Load: 0.92 0.41 0.25
CPU: 63, Mem: 0.0, Load: 0.92 0.41 0.25
CPU: 63, Mem: 0.0, Load: 0.92 0.41 0.25
CPU: 63, Mem: 0.0, Load: 0.92 0.42 0.26
CPU: 59, Mem: 0.0, Load: 0.92 0.42 0.26
CPU: 59, Mem: 0.0, Load: 0.92 0.42 0.26
CPU: 61, Mem: 0.0, Load: 0.92 0.42 0.26
CPU: 61, Mem: 0.0, Load: 0.92 0.42 0.26
CPU: 61, Mem: 0.0, Load: 0.92 0.42 0.26
CPU: 62, Mem: 0.0, Load: 0.92 0.42 0.26
CPU: 62, Mem: 0.0, Load: 0.92 0.42 0.26
CPU: 62, Mem: 0.0, Load: 0.92 0.42 0.26
CPU: 62, Mem: 0.0, Load: 0.92 0.42 0.26
CPU: 62, Mem: 0.0, Load: 0.92 0.42 0.26
CPU: 60, Mem: 0.0, Load: 0.92 0.42 0.26
CPU: 60, Mem: 0.0, Load: 0.92 0.42 0.26
CPU: 62, Mem: 0.0, Load: 0.92 0.42 0.26
CPU: 62, Mem: 0.0, Load: 0.92 0.42 0.26
CPU: 62, Mem: 0.0, Load: 0.92 0.42 0.26
CPU: 60, Mem: 0.0, Load: 0.92 0.42 0.26
CPU: 60, Mem: 0.0, Load: 0.92 0.42 0.26
CPU: 62, Mem: 0.0, Load: 0.92 0.42 0.26
CPU: 62, Mem: 0.0, Load: 0.92 0.42 0.26
CPU: 62, Mem: 0.0, Load: 0.92 0.42 0.26
CPU: 59, Mem: 0.0, Load: 0.92 0.42 0.26
CPU: 59, Mem: 0.0, Load: 0.92 0.42 0.26
CPU: 62, Mem: 0.0, Load: 0.92 0.42 0.26
CPU: 62, Mem: 0.0, Load: 0.92 0.42 0.26
CPU: 62, Mem: 0.0, Load: 0.92 0.42 0.26
CPU: 62, Mem: 0.0, Load: 0.92 0.42 0.26
CPU: 62, Mem: 0.0, Load: 0.92 0.42 0.26
CPU: 64, Mem: 0.0, Load: 0.92 0.42 0.26
CPU: 64, Mem: 0.0, Load: 0.92 0.42 0.26
CPU: 64, Mem: 0.0, Load: 0.92 0.42 0.26
CPU: 60, Mem: 0.0, Load: 0.92 0.42 0.26
CPU: 60, Mem: 0.0, Load: 0.92 0.42 0.26
CPU: 63, Mem: 0.0, Load: 0.92 0.42 0.26
CPU: 63, Mem: 0.0, Load: 0.92 0.42 0.26
CPU: 63, Mem: 0.0, Load: 0.92 0.42 0.26
CPU: 61, Mem: 0.0, Load: 0.92 0.42 0.26
CPU: 61, Mem: 0.0, Load: 0.92 0.42 0.26
CPU: 63, Mem: 0.0, Load: 0.92 0.42 0.26
CPU: 63, Mem: 0.0, Load: 0.92 0.42 0.26
CPU: 63, Mem: 0.0, Load: 0.92 0.42 0.26
CPU: 60, Mem: 0.0, Load: 0.92 0.42 0.26
CPU: 60, Mem: 0.0, Load: 0.92 0.42 0.26
CPU: 63, Mem: 0.0, Load: 0.92 0.42 0.26
CPU: 63, Mem: 0.0, Load: 0.92 0.42 0.26
CPU: 63, Mem: 0.0, Load: 0.92 0.42 0.26
CPU: 63, Mem: 0.0, Load: 0.92 0.42 0.26
CPU: 63, Mem: 0.0, Load: 0.92 0.42 0.26
CPU: 64, Mem: 0.0, Load: 0.92 0.42 0.26
CPU: 64, Mem: 0.0, Load: 0.92 0.42 0.26
CPU: 64, Mem: 0.0, Load: 0.92 0.42 0.26
CPU: 60, Mem: 0.0, Load: 0.92 0.42 0.26
CPU: 60, Mem: 0.0, Load: 0.92 0.42 0.26
CPU: 62, Mem: 0.0, Load: 0.92 0.42 0.26
CPU: 62, Mem: 0.0, Load: 0.92 0.42 0.26
CPU: 62, Mem: 0.0, Load: 0.92 0.42 0.26
CPU: 61, Mem: 0.0, Load: 0.92 0.42 0.26
CPU: 61, Mem: 0.0, Load: 0.92 0.42 0.26
CPU: 62, Mem: 0.0, Load: 0.92 0.42 0.26
CPU: 62, Mem: 0.0, Load: 0.92 0.42 0.26
CPU: 62, Mem: 0.0, Load: 0.92 0.42 0.26
CPU: 60, Mem: 0.0, Load: 0.92 0.42 0.26
CPU: 60, Mem: 0.0, Load: 0.92 0.42 0.26
CPU: 63, Mem: 0.0, Load: 0.92 0.42 0.26
CPU: 63, Mem: 0.0, Load: 0.92 0.42 0.26
CPU: 63, Mem: 0.0, Load: 0.92 0.42 0.26
CPU: 62, Mem: 0.0, Load: 0.92 0.42 0.26
CPU: 62, Mem: 0.0, Load: 0.92 0.42 0.26
CPU: 63, Mem: 0.0, Load: 0.92 0.42 0.26
CPU: 63, Mem: 0.0, Load: 0.92 0.42 0.26
CPU: 63, Mem: 0.0, Load: 0.92 0.42 0.26
CPU: 60, Mem: 0.0, Load: 0.92 0.42 0.26
CPU: 60, Mem: 0.0, Load: 0.92 0.42 0.26
CPU: 63, Mem: 0.0, Load: 0.92 0.42 0.26
CPU: 63, Mem: 0.0, Load: 0.92 0.42 0.26
CPU: 63, Mem: 0.0, Load: 0.92 0.42 0.26
CPU: 60, Mem: 0.0, Load: 0.92 0.42 0.26
CPU: 60, Mem: 0.0, Load: 0.92 0.42 0.26
CPU: 63, Mem: 0.0, Load: 0.92 0.42 0.26
CPU: 63, Mem: 0.0, Load: 0.92 0.42 0.26
CPU: 63, Mem: 0.0, Load: 0.92 0.42 0.26
CPU: 59, Mem: 0.0, Load: 0.92 0.42 0.26
CPU: 59, Mem: 0.0, Load: 0.92 0.42 0.26
CPU: 63, Mem: 0.0, Load: 0.92 0.42 0.26
CPU: 63, Mem: 0.0, Load: 0.92 0.42 0.26
CPU: 63, Mem: 0.0, Load: 0.92 0.42 0.26
CPU: 62, Mem: 0.0, Load: 0.92 0.42 0.26
CPU: 62, Mem: 0.0, Load: 0.92 0.42 0.26
CPU: 64, Mem: 0.0, Load: 0.92 0.42 0.26
CPU: 64, Mem: 0.0, Load: 0.92 0.42 0.26
CPU: 64, Mem: 0.0, Load: 0.92 0.42 0.26
CPU: 60, Mem: 0.0, Load: 0.92 0.42 0.26
CPU: 60, Mem: 0.0, Load: 0.92 0.42 0.26
CPU: 65, Mem: 0.0, Load: 0.92 0.42 0.26
CPU: 64, Mem: 0.0, Load: 0.92 0.42 0.26
CPU: 64, Mem: 0.0, Load: 0.92 0.42 0.26
CPU: 60, Mem: 0.0, Load: 0.92 0.42 0.26
CPU: 60, Mem: 0.0, Load: 0.92 0.42 0.26
CPU: 64, Mem: 0.0, Load: 0.92 0.42 0.26
CPU: 64, Mem: 0.0, Load: 0.92 0.42 0.26
CPU: 64, Mem: 0.0, Load: 0.93 0.43 0.26
CPU: 59, Mem: 0.0, Load: 0.93 0.43 0.26
CPU: 59, Mem: 0.0, Load: 0.93 0.43 0.26
CPU: 62, Mem: 0.0, Load: 0.93 0.43 0.26
CPU: 62, Mem: 0.0, Load: 0.93 0.43 0.26
CPU: 62, Mem: 0.0, Load: 0.93 0.43 0.26
CPU: 62, Mem: 0.0, Load: 0.93 0.43 0.26
CPU: 62, Mem: 0.0, Load: 0.93 0.43 0.26
CPU: 64, Mem: 0.0, Load: 0.93 0.43 0.26
CPU: 64, Mem: 0.0, Load: 0.93 0.43 0.26
CPU: 64, Mem: 0.0, Load: 0.93 0.43 0.26
CPU: 61, Mem: 0.0, Load: 0.93 0.43 0.26
CPU: 61, Mem: 0.0, Load: 0.93 0.43 0.26
CPU: 63, Mem: 0.0, Load: 0.93 0.43 0.26
CPU: 63, Mem: 0.0, Load: 0.93 0.43 0.26
CPU: 63, Mem: 0.0, Load: 0.93 0.43 0.26
CPU: 61, Mem: 0.0, Load: 0.93 0.43 0.26
CPU: 61, Mem: 0.0, Load: 0.93 0.43 0.26
CPU: 64, Mem: 0.0, Load: 0.93 0.43 0.26
CPU: 64, Mem: 0.0, Load: 0.93 0.43 0.26
CPU: 64, Mem: 0.0, Load: 0.93 0.43 0.26
CPU: 59, Mem: 0.0, Load: 0.93 0.43 0.26
CPU: 59, Mem: 0.0, Load: 0.93 0.43 0.26
CPU: 63, Mem: 0.0, Load: 0.93 0.43 0.26
CPU: 62, Mem: 0.0, Load: 0.93 0.43 0.26
CPU: 62, Mem: 0.0, Load: 0.93 0.43 0.26
CPU: 63, Mem: 0.0, Load: 0.93 0.43 0.26
CPU: 63, Mem: 0.0, Load: 0.93 0.43 0.26
CPU: 64, Mem: 0.0, Load: 0.93 0.43 0.26
CPU: 64, Mem: 0.0, Load: 0.93 0.43 0.26
CPU: 64, Mem: 0.0, Load: 0.93 0.43 0.26
CPU: 60, Mem: 0.0, Load: 0.93 0.43 0.26
CPU: 60, Mem: 0.0, Load: 0.93 0.43 0.26
CPU: 65, Mem: 0.0, Load: 0.93 0.43 0.26
CPU: 65, Mem: 0.0, Load: 0.93 0.43 0.26
CPU: 65, Mem: 0.0, Load: 0.93 0.43 0.26
CPU: 62, Mem: 0.0, Load: 0.93 0.43 0.26
CPU: 62, Mem: 0.0, Load: 0.93 0.43 0.26
CPU: 64, Mem: 0.0, Load: 0.93 0.43 0.26
CPU: 64, Mem: 0.0, Load: 0.93 0.43 0.26
CPU: 64, Mem: 0.0, Load: 0.93 0.43 0.26
CPU: 61, Mem: 0.0, Load: 0.93 0.43 0.26
CPU: 61, Mem: 0.0, Load: 0.93 0.43 0.26
CPU: 64, Mem: 0.0, Load: 0.93 0.43 0.26
CPU: 64, Mem: 0.0, Load: 0.93 0.43 0.26
CPU: 63, Mem: 0.0, Load: 0.93 0.43 0.26
CPU: 63, Mem: 0.0, Load: 0.93 0.43 0.26
CPU: 63, Mem: 0.0, Load: 0.93 0.43 0.26
CPU: 63, Mem: 0.0, Load: 0.93 0.43 0.26
CPU: 63, Mem: 0.0, Load: 0.93 0.43 0.26
CPU: 62, Mem: 0.0, Load: 0.93 0.43 0.26
CPU: 62, Mem: 0.0, Load: 0.93 0.43 0.26
CPU: 62, Mem: 0.0, Load: 0.93 0.43 0.26
CPU: 64, Mem: 0.0, Load: 0.93 0.43 0.26
CPU: 64, Mem: 0.0, Load: 0.93 0.43 0.26
CPU: 65, Mem: 0.0, Load: 0.93 0.43 0.26
CPU: 65, Mem: 0.0, Load: 0.93 0.43 0.26
CPU: 65, Mem: 0.0, Load: 0.93 0.43 0.26
CPU: 62, Mem: 0.0, Load: 0.93 0.43 0.26
CPU: 62, Mem: 0.0, Load: 0.93 0.43 0.26
CPU: 64, Mem: 0.0, Load: 0.93 0.43 0.26
CPU: 64, Mem: 0.0, Load: 0.93 0.43 0.26
CPU: 64, Mem: 0.0, Load: 0.93 0.43 0.26
CPU: 61, Mem: 0.0, Load: 0.93 0.43 0.26
CPU: 125, Mem: 0.0, Load: 0.93 0.43 0.26
CPU: 124, Mem: 0.0, Load: 0.93 0.43 0.26
CPU: 125, Mem: 0.0, Load: 0.93 0.43 0.26
CPU: 125, Mem: 0.0, Load: 0.93 0.43 0.26
CPU: 130, Mem: 0.0, Load: 0.93 0.43 0.26
CPU: 129, Mem: 0.0, Load: 0.93 0.43 0.26
CPU: 132, Mem: 0.0, Load: 0.93 0.43 0.26
CPU: 130, Mem: 0.0, Load: 0.93 0.43 0.26
CPU: 131, Mem: 0.0, Load: 0.93 0.43 0.26
CPU: 130, Mem: 0.0, Load: 0.93 0.43 0.26
CPU: 130, Mem: 0.0, Load: 0.93 0.43 0.26
CPU: 130, Mem: 0.0, Load: 0.93 0.43 0.26
CPU: 110, Mem: 0.0, Load: 0.93 0.43 0.26
CPU: 110, Mem: 0.0, Load: 0.93 0.43 0.26
CPU: 94, Mem: 0.0, Load: 0.93 0.43 0.26
CPU: 94, Mem: 0.0, Load: 0.93 0.43 0.26
CPU: 94, Mem: 0.0, Load: 0.93 0.43 0.26
CPU: 81, Mem: 0.0, Load: 0.93 0.43 0.26
CPU: 81, Mem: 0.0, Load: 0.93 0.43 0.26
CPU: 75, Mem: 0.0, Load: 0.93 0.43 0.26
CPU: 75, Mem: 0.0, Load: 0.93 0.43 0.26
CPU: 75, Mem: 0.0, Load: 0.93 0.43 0.26
CPU: 70, Mem: 0.0, Load: 0.93 0.43 0.26
CPU: 70, Mem: 0.0, Load: 0.93 0.43 0.26
CPU: 69, Mem: 0.0, Load: 0.93 0.43 0.26
CPU: 69, Mem: 0.0, Load: 0.93 0.43 0.26
CPU: 69, Mem: 0.0, Load: 0.93 0.43 0.26
CPU: 64, Mem: 0.0, Load: 0.93 0.43 0.26
CPU: 64, Mem: 0.0, Load: 1.18 0.49 0.28
CPU: 66, Mem: 0.0, Load: 1.18 0.49 0.28
CPU: 66, Mem: 0.0, Load: 1.18 0.49 0.28
CPU: 66, Mem: 0.0, Load: 1.18 0.49 0.28
CPU: 63, Mem: 0.0, Load: 1.18 0.49 0.28
CPU: 63, Mem: 0.0, Load: 1.18 0.49 0.28
CPU: 64, Mem: 0.0, Load: 1.18 0.49 0.28
CPU: 64, Mem: 0.0, Load: 1.18 0.49 0.28
CPU: 64, Mem: 0.0, Load: 1.18 0.49 0.28
CPU: 63, Mem: 0.0, Load: 1.18 0.49 0.28
CPU: 63, Mem: 0.0, Load: 1.18 0.49 0.28
CPU: 64, Mem: 0.0, Load: 1.18 0.49 0.28
CPU: 64, Mem: 0.0, Load: 1.18 0.49 0.28
CPU: 64, Mem: 0.0, Load: 1.18 0.49 0.28
CPU: 62, Mem: 0.0, Load: 1.18 0.49 0.28
CPU: 62, Mem: 0.0, Load: 1.18 0.49 0.28
CPU: 65, Mem: 0.0, Load: 1.18 0.49 0.28
CPU: 65, Mem: 0.0, Load: 1.18 0.49 0.28
CPU: 65, Mem: 0.0, Load: 1.18 0.49 0.28
CPU: 60, Mem: 0.0, Load: 1.18 0.49 0.28
CPU: 60, Mem: 0.0, Load: 1.18 0.49 0.28
CPU: 62, Mem: 0.0, Load: 1.18 0.49 0.28
CPU: 62, Mem: 0.0, Load: 1.18 0.49 0.28
CPU: 62, Mem: 0.0, Load: 1.18 0.49 0.28
CPU: 60, Mem: 0.0, Load: 1.18 0.49 0.28
CPU: 60, Mem: 0.0, Load: 1.18 0.49 0.28
CPU: 64, Mem: 0.0, Load: 1.18 0.49 0.28
CPU: 64, Mem: 0.0, Load: 1.18 0.49 0.28
CPU: 64, Mem: 0.0, Load: 1.18 0.49 0.28
CPU: 62, Mem: 0.0, Load: 1.18 0.49 0.28
CPU: 62, Mem: 0.0, Load: 1.18 0.49 0.28
CPU: 64, Mem: 0.0, Load: 1.18 0.49 0.28
CPU: 64, Mem: 0.0, Load: 1.18 0.49 0.28
CPU: 64, Mem: 0.0, Load: 1.18 0.49 0.28
CPU: 61, Mem: 0.0, Load: 1.18 0.49 0.28
CPU: 61, Mem: 0.0, Load: 1.18 0.49 0.28
CPU: 63, Mem: 0.0, Load: 1.18 0.49 0.28
CPU: 63, Mem: 0.0, Load: 1.18 0.49 0.28
CPU: 63, Mem: 0.0, Load: 1.18 0.49 0.28
CPU: 61, Mem: 0.0, Load: 1.18 0.49 0.28
CPU: 61, Mem: 0.0, Load: 1.18 0.49 0.28
CPU: 64, Mem: 0.0, Load: 1.18 0.49 0.28
CPU: 64, Mem: 0.0, Load: 1.18 0.49 0.28
CPU: 64, Mem: 0.0, Load: 1.18 0.49 0.28
CPU: 61, Mem: 0.0, Load: 1.18 0.49 0.28
CPU: 61, Mem: 0.0, Load: 1.18 0.49 0.28
CPU: 64, Mem: 0.0, Load: 1.18 0.49 0.28
CPU: 64, Mem: 0.0, Load: 1.18 0.49 0.28
CPU: 64, Mem: 0.0, Load: 1.18 0.49 0.28
CPU: 62, Mem: 0.0, Load: 1.18 0.49 0.28
CPU: 62, Mem: 0.0, Load: 1.18 0.49 0.28
CPU: 64, Mem: 0.0, Load: 1.18 0.49 0.28
CPU: 64, Mem: 0.0, Load: 1.18 0.49 0.28
CPU: 64, Mem: 0.0, Load: 1.18 0.49 0.28
CPU: 60, Mem: 0.0, Load: 1.18 0.49 0.28
CPU: 60, Mem: 0.0, Load: 1.18 0.49 0.28
CPU: 64, Mem: 0.0, Load: 1.18 0.49 0.28
CPU: 64, Mem: 0.0, Load: 1.18 0.49 0.28
CPU: 64, Mem: 0.0, Load: 1.18 0.49 0.28
CPU: 60, Mem: 0.0, Load: 1.18 0.49 0.28
CPU: 60, Mem: 0.0, Load: 1.18 0.49 0.28
CPU: 63, Mem: 0.0, Load: 1.18 0.49 0.28
CPU: 63, Mem: 0.0, Load: 1.18 0.49 0.28
CPU: 63, Mem: 0.0, Load: 1.18 0.49 0.28
CPU: 62, Mem: 0.0, Load: 1.18 0.49 0.28
CPU: 62, Mem: 0.0, Load: 1.18 0.49 0.28
CPU: 65, Mem: 0.0, Load: 1.18 0.49 0.28
CPU: 65, Mem: 0.0, Load: 1.18 0.49 0.28
CPU: 65, Mem: 0.0, Load: 1.18 0.49 0.28
CPU: 63, Mem: 0.0, Load: 1.18 0.49 0.28
CPU: 63, Mem: 0.0, Load: 1.18 0.49 0.28
CPU: 70, Mem: 0.0, Load: 1.18 0.49 0.28
CPU: 70, Mem: 0.0, Load: 1.18 0.49 0.28
CPU: 70, Mem: 0.0, Load: 1.18 0.49 0.28
CPU: 70, Mem: 0.0, Load: 1.18 0.49 0.28
CPU: 70, Mem: 0.0, Load: 1.18 0.49 0.28
CPU: 64, Mem: 0.0, Load: 1.18 0.49 0.28
CPU: 64, Mem: 0.0, Load: 1.18 0.49 0.28
CPU: 67, Mem: 0.0, Load: 1.18 0.49 0.28
CPU: 67, Mem: 0.0, Load: 1.18 0.49 0.28
CPU: 67, Mem: 0.0, Load: 1.18 0.49 0.28
CPU: 62, Mem: 0.0, Load: 1.18 0.49 0.28
CPU: 62, Mem: 0.0, Load: 1.18 0.49 0.28
CPU: 66, Mem: 0.0, Load: 1.18 0.49 0.28
CPU: 66, Mem: 0.0, Load: 1.18 0.49 0.28
CPU: 65, Mem: 0.0, Load: 1.18 0.49 0.28
CPU: 65, Mem: 0.0, Load: 1.18 0.49 0.28
CPU: 65, Mem: 0.0, Load: 1.18 0.49 0.28
CPU: 66, Mem: 0.0, Load: 1.18 0.49 0.28
CPU: 66, Mem: 0.0, Load: 1.18 0.49 0.28
CPU: 65, Mem: 0.0, Load: 1.18 0.49 0.28
CPU: 64, Mem: 0.0, Load: 1.18 0.49 0.28
CPU: 64, Mem: 0.0, Load: 1.18 0.49 0.28
CPU: 62, Mem: 0.0, Load: 1.18 0.49 0.28
CPU: 62, Mem: 0.0, Load: 1.18 0.49 0.28
CPU: 65, Mem: 0.0, Load: 1.18 0.49 0.28
CPU: 65, Mem: 0.0, Load: 1.18 0.49 0.28
CPU: 65, Mem: 0.0, Load: 1.18 0.49 0.28
CPU: 61, Mem: 0.0, Load: 1.18 0.49 0.28
CPU: 61, Mem: 0.0, Load: 1.24 0.51 0.29
CPU: 65, Mem: 0.0, Load: 1.24 0.51 0.29
CPU: 65, Mem: 0.0, Load: 1.24 0.51 0.29
CPU: 65, Mem: 0.0, Load: 1.24 0.51 0.29
CPU: 61, Mem: 0.0, Load: 1.24 0.51 0.29
CPU: 61, Mem: 0.0, Load: 1.24 0.51 0.29
CPU: 65, Mem: 0.0, Load: 1.24 0.51 0.29
CPU: 65, Mem: 0.0, Load: 1.24 0.51 0.29
CPU: 65, Mem: 0.0, Load: 1.24 0.51 0.29
CPU: 61, Mem: 0.0, Load: 1.24 0.51 0.29
CPU: 61, Mem: 0.0, Load: 1.24 0.51 0.29
CPU: 66, Mem: 0.0, Load: 1.24 0.51 0.29
CPU: 66, Mem: 0.0, Load: 1.24 0.51 0.29
CPU: 66, Mem: 0.0, Load: 1.24 0.51 0.29
CPU: 62, Mem: 0.0, Load: 1.24 0.51 0.29
CPU: 62, Mem: 0.0, Load: 1.24 0.51 0.29
CPU: 65, Mem: 0.0, Load: 1.24 0.51 0.29
CPU: 65, Mem: 0.0, Load: 1.24 0.51 0.29
CPU: 65, Mem: 0.0, Load: 1.24 0.51 0.29
CPU: 62, Mem: 0.0, Load: 1.24 0.51 0.29
CPU: 62, Mem: 0.0, Load: 1.24 0.51 0.29
CPU: 62, Mem: 0.0, Load: 1.24 0.51 0.29
CPU: 62, Mem: 0.0, Load: 1.24 0.51 0.29
CPU: 63, Mem: 0.0, Load: 1.24 0.51 0.29
CPU: 61, Mem: 0.0, Load: 1.24 0.51 0.29
CPU: 61, Mem: 0.0, Load: 1.24 0.51 0.29
CPU: 64, Mem: 0.0, Load: 1.24 0.51 0.29
CPU: 64, Mem: 0.0, Load: 1.24 0.51 0.29
CPU: 64, Mem: 0.0, Load: 1.24 0.51 0.29
CPU: 64, Mem: 0.0, Load: 1.24 0.51 0.29
CPU: 64, Mem: 0.0, Load: 1.24 0.51 0.29
CPU: 65, Mem: 0.0, Load: 1.24 0.51 0.29
CPU: 65, Mem: 0.0, Load: 1.24 0.51 0.29
CPU: 65, Mem: 0.0, Load: 1.24 0.51 0.29
CPU: 61, Mem: 0.0, Load: 1.24 0.51 0.29
CPU: 61, Mem: 0.0, Load: 1.24 0.51 0.29
CPU: 65, Mem: 0.0, Load: 1.24 0.51 0.29
CPU: 65, Mem: 0.0, Load: 1.24 0.51 0.29
CPU: 65, Mem: 0.0, Load: 1.24 0.51 0.29
CPU: 62, Mem: 0.0, Load: 1.24 0.51 0.29
CPU: 62, Mem: 0.0, Load: 1.24 0.51 0.29
CPU: 64, Mem: 0.0, Load: 1.24 0.51 0.29
CPU: 64, Mem: 0.0, Load: 1.24 0.51 0.29
CPU: 64, Mem: 0.0, Load: 1.24 0.51 0.29
CPU: 63, Mem: 0.0, Load: 1.24 0.51 0.29
CPU: 63, Mem: 0.0, Load: 1.24 0.51 0.29
CPU: 64, Mem: 0.0, Load: 1.24 0.51 0.29
CPU: 64, Mem: 0.0, Load: 1.24 0.51 0.29
CPU: 65, Mem: 0.0, Load: 1.24 0.51 0.29
CPU: 63, Mem: 0.0, Load: 1.24 0.51 0.29
CPU: 63, Mem: 0.0, Load: 1.24 0.51 0.29
CPU: 64, Mem: 0.0, Load: 1.24 0.51 0.29
CPU: 64, Mem: 0.0, Load: 1.24 0.51 0.29
CPU: 65, Mem: 0.0, Load: 1.24 0.51 0.29
CPU: 62, Mem: 0.0, Load: 1.24 0.51 0.29
CPU: 62, Mem: 0.0, Load: 1.24 0.51 0.29
CPU: 64, Mem: 0.0, Load: 1.24 0.51 0.29
CPU: 64, Mem: 0.0, Load: 1.24 0.51 0.29
CPU: 64, Mem: 0.0, Load: 1.24 0.51 0.29
CPU: 62, Mem: 0.0, Load: 1.24 0.51 0.29
CPU: 62, Mem: 0.0, Load: 1.24 0.51 0.29
CPU: 63, Mem: 0.0, Load: 1.24 0.51 0.29
CPU: 63, Mem: 0.0, Load: 1.24 0.51 0.29
CPU: 64, Mem: 0.0, Load: 1.24 0.51 0.29
CPU: 61, Mem: 0.0, Load: 1.24 0.51 0.29
CPU: 61, Mem: 0.0, Load: 1.24 0.51 0.29
CPU: 65, Mem: 0.0, Load: 1.24 0.51 0.29
CPU: 65, Mem: 0.0, Load: 1.24 0.51 0.29
CPU: 65, Mem: 0.0, Load: 1.24 0.51 0.29
CPU: 64, Mem: 0.0, Load: 1.24 0.51 0.29
CPU: 64, Mem: 0.0, Load: 1.24 0.51 0.29
CPU: 64, Mem: 0.0, Load: 1.24 0.51 0.29
CPU: 64, Mem: 0.0, Load: 1.24 0.51 0.29
CPU: 64, Mem: 0.0, Load: 1.24 0.51 0.29
CPU: 62, Mem: 0.0, Load: 1.24 0.51 0.29
CPU: 62, Mem: 0.0, Load: 1.24 0.51 0.29
CPU: 65, Mem: 0.0, Load: 1.24 0.51 0.29
CPU: 65, Mem: 0.0, Load: 1.24 0.51 0.29
CPU: 65, Mem: 0.0, Load: 1.24 0.51 0.29
CPU: 61, Mem: 0.0, Load: 1.24 0.51 0.29
CPU: 61, Mem: 0.0, Load: 1.24 0.51 0.29
CPU: 63, Mem: 0.0, Load: 1.24 0.51 0.29
CPU: 63, Mem: 0.0, Load: 1.24 0.51 0.29
CPU: 63, Mem: 0.0, Load: 1.24 0.51 0.29
CPU: 62, Mem: 0.0, Load: 1.24 0.51 0.29
CPU: 62, Mem: 0.0, Load: 1.24 0.51 0.29
CPU: 64, Mem: 0.0, Load: 1.24 0.51 0.29
CPU: 64, Mem: 0.0, Load: 1.24 0.51 0.29
CPU: 64, Mem: 0.0, Load: 1.24 0.51 0.29
CPU: 62, Mem: 0.0, Load: 1.24 0.51 0.29
CPU: 62, Mem: 0.0, Load: 1.24 0.51 0.29
CPU: 64, Mem: 0.0, Load: 1.24 0.51 0.29
CPU: 64, Mem: 0.0, Load: 1.24 0.51 0.29
CPU: 64, Mem: 0.0, Load: 1.24 0.51 0.29
CPU: 64, Mem: 0.0, Load: 1.24 0.51 0.29
CPU: 64, Mem: 0.0, Load: 1.24 0.51 0.29
CPU: 64, Mem: 0.0, Load: 1.24 0.51 0.29
CPU: 64, Mem: 0.0, Load: 1.24 0.51 0.29
CPU: 64, Mem: 0.0, Load: 1.24 0.51 0.29
CPU: 63, Mem: 0.0, Load: 1.24 0.51 0.29
CPU: 63, Mem: 0.0, Load: 1.38 0.56 0.31
CPU: 64, Mem: 0.0, Load: 1.38 0.56 0.31
CPU: 64, Mem: 0.0, Load: 1.38 0.56 0.31
CPU: 64, Mem: 0.0, Load: 1.38 0.56 0.31
CPU: 63, Mem: 0.0, Load: 1.38 0.56 0.31
CPU: 63, Mem: 0.0, Load: 1.38 0.56 0.31
CPU: 65, Mem: 0.0, Load: 1.38 0.56 0.31
CPU: 65, Mem: 0.0, Load: 1.38 0.56 0.31
CPU: 65, Mem: 0.0, Load: 1.38 0.56 0.31
CPU: 64, Mem: 0.0, Load: 1.38 0.56 0.31
CPU: 64, Mem: 0.0, Load: 1.38 0.56 0.31
CPU: 66, Mem: 0.0, Load: 1.38 0.56 0.31
CPU: 66, Mem: 0.0, Load: 1.38 0.56 0.31
CPU: 66, Mem: 0.0, Load: 1.38 0.56 0.31
CPU: 64, Mem: 0.0, Load: 1.38 0.56 0.31
CPU: 64, Mem: 0.0, Load: 1.38 0.56 0.31
CPU: 65, Mem: 0.0, Load: 1.38 0.56 0.31
CPU: 65, Mem: 0.0, Load: 1.38 0.56 0.31
CPU: 65, Mem: 0.0, Load: 1.38 0.56 0.31
CPU: 62, Mem: 0.0, Load: 1.38 0.56 0.31
CPU: 62, Mem: 0.0, Load: 1.38 0.56 0.31
CPU: 66, Mem: 0.0, Load: 1.38 0.56 0.31
CPU: 66, Mem: 0.0, Load: 1.38 0.56 0.31
CPU: 67, Mem: 0.0, Load: 1.38 0.56 0.31
CPU: 66, Mem: 0.0, Load: 1.38 0.56 0.31
CPU: 66, Mem: 0.0, Load: 1.38 0.56 0.31
CPU: 63, Mem: 0.0, Load: 1.38 0.56 0.31
CPU: 63, Mem: 0.0, Load: 1.38 0.56 0.31
CPU: 67, Mem: 0.0, Load: 1.38 0.56 0.31
CPU: 66, Mem: 0.0, Load: 1.38 0.56 0.31
CPU: 66, Mem: 0.0, Load: 1.38 0.56 0.31
CPU: 62, Mem: 0.0, Load: 1.38 0.56 0.31
CPU: 62, Mem: 0.0, Load: 1.38 0.56 0.31
CPU: 66, Mem: 0.0, Load: 1.38 0.56 0.31
CPU: 65, Mem: 0.0, Load: 1.38 0.56 0.31
CPU: 66, Mem: 0.0, Load: 1.38 0.56 0.31
CPU: 66, Mem: 0.0, Load: 1.38 0.56 0.31
CPU: 66, Mem: 0.0, Load: 1.38 0.56 0.31
CPU: 67, Mem: 0.0, Load: 1.38 0.56 0.31
CPU: 67, Mem: 0.0, Load: 1.38 0.56 0.31
CPU: 67, Mem: 0.0, Load: 1.38 0.56 0.31
CPU: 64, Mem: 0.0, Load: 1.38 0.56 0.31
CPU: 64, Mem: 0.0, Load: 1.38 0.56 0.31
CPU: 65, Mem: 0.0, Load: 1.38 0.56 0.31
CPU: 65, Mem: 0.0, Load: 1.38 0.56 0.31
CPU: 67, Mem: 0.0, Load: 1.38 0.56 0.31
CPU: 66, Mem: 0.0, Load: 1.38 0.56 0.31
CPU: 66, Mem: 0.0, Load: 1.38 0.56 0.31
CPU: 64, Mem: 0.0, Load: 1.38 0.56 0.31
CPU: 64, Mem: 0.0, Load: 1.38 0.56 0.31
CPU: 66, Mem: 0.0, Load: 1.38 0.56 0.31
CPU: 66, Mem: 0.0, Load: 1.38 0.56 0.31
CPU: 66, Mem: 0.0, Load: 1.38 0.56 0.31
CPU: 64, Mem: 0.0, Load: 1.38 0.56 0.31
CPU: 64, Mem: 0.0, Load: 1.38 0.56 0.31
CPU: 65, Mem: 0.0, Load: 1.38 0.56 0.31
CPU: 65, Mem: 0.0, Load: 1.38 0.56 0.31
CPU: 65, Mem: 0.0, Load: 1.38 0.56 0.31
CPU: 61, Mem: 0.0, Load: 1.38 0.56 0.31
CPU: 61, Mem: 0.0, Load: 1.38 0.56 0.31
CPU: 65, Mem: 0.0, Load: 1.38 0.56 0.31
CPU: 65, Mem: 0.0, Load: 1.38 0.56 0.31
CPU: 65, Mem: 0.0, Load: 1.38 0.56 0.31
CPU: 61, Mem: 0.0, Load: 1.38 0.56 0.31
CPU: 61, Mem: 0.0, Load: 1.38 0.56 0.31
CPU: 65, Mem: 0.0, Load: 1.38 0.56 0.31
CPU: 65, Mem: 0.0, Load: 1.38 0.56 0.31
CPU: 65, Mem: 0.0, Load: 1.38 0.56 0.31
CPU: 62, Mem: 0.0, Load: 1.38 0.56 0.31
CPU: 62, Mem: 0.0, Load: 1.38 0.56 0.31
CPU: 65, Mem: 0.0, Load: 1.38 0.56 0.31
CPU: 65, Mem: 0.0, Load: 1.38 0.56 0.31
CPU: 65, Mem: 0.0, Load: 1.38 0.56 0.31
CPU: 62, Mem: 0.0, Load: 1.38 0.56 0.31
CPU: 62, Mem: 0.0, Load: 1.38 0.56 0.31
CPU: 65, Mem: 0.0, Load: 1.38 0.56 0.31
CPU: 65, Mem: 0.0, Load: 1.38 0.56 0.31
CPU: 65, Mem: 0.0, Load: 1.38 0.56 0.31
CPU: 63, Mem: 0.0, Load: 1.38 0.56 0.31
CPU: 63, Mem: 0.0, Load: 1.38 0.56 0.31
CPU: 64, Mem: 0.0, Load: 1.38 0.56 0.31
CPU: 64, Mem: 0.0, Load: 1.38 0.56 0.31
CPU: 64, Mem: 0.0, Load: 1.38 0.56 0.31
CPU: 63, Mem: 0.0, Load: 1.38 0.56 0.31
CPU: 63, Mem: 0.0, Load: 1.38 0.56 0.31
CPU: 65, Mem: 0.0, Load: 1.38 0.56 0.31
CPU: 65, Mem: 0.0, Load: 1.38 0.56 0.31
CPU: 65, Mem: 0.0, Load: 1.38 0.56 0.31
CPU: 64, Mem: 0.0, Load: 1.38 0.56 0.31
CPU: 64, Mem: 0.0, Load: 1.38 0.56 0.31
CPU: 65, Mem: 0.0, Load: 1.38 0.56 0.31
CPU: 65, Mem: 0.0, Load: 1.38 0.56 0.31
CPU: 65, Mem: 0.0, Load: 1.38 0.56 0.31
CPU: 65, Mem: 0.0, Load: 1.38 0.56 0.31
CPU: 65, Mem: 0.0, Load: 1.38 0.56 0.31
CPU: 66, Mem: 0.0, Load: 1.38 0.56 0.31
CPU: 66, Mem: 0.0, Load: 1.38 0.56 0.31
CPU: 66, Mem: 0.0, Load: 1.38 0.56 0.31
CPU: 65, Mem: 0.0, Load: 1.38 0.56 0.31
CPU: 65, Mem: 0.0, Load: 1.51 0.60 0.32
CPU: 66, Mem: 0.0, Load: 1.51 0.60 0.32
CPU: 66, Mem: 0.0, Load: 1.51 0.60 0.32
CPU: 66, Mem: 0.0, Load: 1.51 0.60 0.32
CPU: 65, Mem: 0.0, Load: 1.51 0.60 0.32
CPU: 65, Mem: 0.0, Load: 1.51 0.60 0.32
CPU: 65, Mem: 0.0, Load: 1.51 0.60 0.32
CPU: 65, Mem: 0.0, Load: 1.51 0.60 0.32
CPU: 68, Mem: 0.0, Load: 1.51 0.60 0.32
CPU: 68, Mem: 0.0, Load: 1.51 0.60 0.32
CPU: 68, Mem: 0.0, Load: 1.51 0.60 0.32
CPU: 65, Mem: 0.0, Load: 1.51 0.60 0.32
CPU: 65, Mem: 0.0, Load: 1.51 0.60 0.32
CPU: 65, Mem: 0.0, Load: 1.51 0.60 0.32
CPU: 65, Mem: 0.0, Load: 1.51 0.60 0.32
CPU: 66, Mem: 0.0, Load: 1.51 0.60 0.32
CPU: 63, Mem: 0.0, Load: 1.51 0.60 0.32
CPU: 63, Mem: 0.0, Load: 1.51 0.60 0.32
CPU: 64, Mem: 0.0, Load: 1.51 0.60 0.32
CPU: 64, Mem: 0.0, Load: 1.51 0.60 0.32
CPU: 64, Mem: 0.0, Load: 1.51 0.60 0.32
CPU: 62, Mem: 0.0, Load: 1.51 0.60 0.32
CPU: 62, Mem: 0.0, Load: 1.51 0.60 0.32
CPU: 65, Mem: 0.0, Load: 1.51 0.60 0.32
CPU: 65, Mem: 0.0, Load: 1.51 0.60 0.32
CPU: 67, Mem: 0.0, Load: 1.51 0.60 0.32
CPU: 67, Mem: 0.0, Load: 1.51 0.60 0.32
CPU: 67, Mem: 0.0, Load: 1.51 0.60 0.32
CPU: 65, Mem: 0.0, Load: 1.51 0.60 0.32
CPU: 65, Mem: 0.0, Load: 1.51 0.60 0.32
CPU: 66, Mem: 0.0, Load: 1.51 0.60 0.32
CPU: 66, Mem: 0.0, Load: 1.51 0.60 0.32
CPU: 66, Mem: 0.0, Load: 1.51 0.60 0.32
CPU: 62, Mem: 0.0, Load: 1.51 0.60 0.32
CPU: 62, Mem: 0.0, Load: 1.51 0.60 0.32
CPU: 65, Mem: 0.0, Load: 1.51 0.60 0.32
CPU: 65, Mem: 0.0, Load: 1.51 0.60 0.32
CPU: 65, Mem: 0.0, Load: 1.51 0.60 0.32
CPU: 61, Mem: 0.0, Load: 1.51 0.60 0.32
CPU: 61, Mem: 0.0, Load: 1.51 0.60 0.32
CPU: 64, Mem: 0.0, Load: 1.51 0.60 0.32
CPU: 64, Mem: 0.0, Load: 1.51 0.60 0.32
CPU: 64, Mem: 0.0, Load: 1.51 0.60 0.32
CPU: 61, Mem: 0.0, Load: 1.51 0.60 0.32
CPU: 61, Mem: 0.0, Load: 1.51 0.60 0.32
CPU: 67, Mem: 0.0, Load: 1.51 0.60 0.32
CPU: 67, Mem: 0.0, Load: 1.51 0.60 0.32
CPU: 67, Mem: 0.0, Load: 1.51 0.60 0.32
CPU: 64, Mem: 0.0, Load: 1.51 0.60 0.32
CPU: 64, Mem: 0.0, Load: 1.51 0.60 0.32
CPU: 67, Mem: 0.0, Load: 1.51 0.60 0.32
CPU: 67, Mem: 0.0, Load: 1.51 0.60 0.32
CPU: 68, Mem: 0.0, Load: 1.51 0.60 0.32
CPU: 64, Mem: 0.0, Load: 1.51 0.60 0.32
CPU: 64, Mem: 0.0, Load: 1.51 0.60 0.32
CPU: 66, Mem: 0.0, Load: 1.51 0.60 0.32
CPU: 66, Mem: 0.0, Load: 1.51 0.60 0.32
CPU: 66, Mem: 0.0, Load: 1.51 0.60 0.32
CPU: 64, Mem: 0.0, Load: 1.51 0.60 0.32
CPU: 64, Mem: 0.0, Load: 1.51 0.60 0.32
CPU: 65, Mem: 0.0, Load: 1.51 0.60 0.32
CPU: 65, Mem: 0.0, Load: 1.51 0.60 0.32
CPU: 65, Mem: 0.0, Load: 1.51 0.60 0.32
CPU: 63, Mem: 0.0, Load: 1.51 0.60 0.32
CPU: 63, Mem: 0.0, Load: 1.51 0.60 0.32
CPU: 64, Mem: 0.0, Load: 1.51 0.60 0.32
CPU: 64, Mem: 0.0, Load: 1.51 0.60 0.32
CPU: 66, Mem: 0.0, Load: 1.51 0.60 0.32
CPU: 66, Mem: 0.0, Load: 1.51 0.60 0.32
CPU: 66, Mem: 0.0, Load: 1.51 0.60 0.32
CPU: 67, Mem: 0.0, Load: 1.51 0.60 0.32
CPU: 94, Mem: 0.0, Load: 1.51 0.60 0.32
CPU: 94, Mem: 0.0, Load: 1.51 0.60 0.32
CPU: 82, Mem: 0.0, Load: 1.51 0.60 0.32
CPU: 82, Mem: 0.0, Load: 1.51 0.60 0.32
CPU: 82, Mem: 0.0, Load: 1.51 0.60 0.32
CPU: 71, Mem: 0.0, Load: 1.51 0.60 0.32
CPU: 71, Mem: 0.0, Load: 1.51 0.60 0.32
CPU: 71, Mem: 0.0, Load: 1.51 0.60 0.32
CPU: 71, Mem: 0.0, Load: 1.51 0.60 0.32
CPU: 71, Mem: 0.0, Load: 1.51 0.60 0.32
CPU: 65, Mem: 0.0, Load: 1.51 0.60 0.32
CPU: 65, Mem: 0.0, Load: 1.51 0.60 0.32
CPU: 67, Mem: 0.0, Load: 1.51 0.60 0.32
CPU: 67, Mem: 0.0, Load: 1.51 0.60 0.32
CPU: 67, Mem: 0.0, Load: 1.51 0.60 0.32
CPU: 65, Mem: 0.0, Load: 1.51 0.60 0.32
CPU: 65, Mem: 0.0, Load: 1.51 0.60 0.32
CPU: 66, Mem: 0.0, Load: 1.51 0.60 0.32
CPU: 66, Mem: 0.0, Load: 1.51 0.60 0.32
CPU: 66, Mem: 0.0, Load: 1.51 0.60 0.32
CPU: 65, Mem: 0.0, Load: 1.51 0.60 0.32
CPU: 65, Mem: 0.0, Load: 1.51 0.60 0.32
CPU: 67, Mem: 0.0, Load: 1.51 0.60 0.32
CPU: 67, Mem: 0.0, Load: 1.51 0.60 0.32
CPU: 67, Mem: 0.0, Load: 1.51 0.60 0.32
CPU: 64, Mem: 0.0, Load: 1.51 0.60 0.32
CPU: 64, Mem: 0.0, Load: 1.71 0.65 0.34
CPU: 65, Mem: 0.0, Load: 1.71 0.65 0.34
CPU: 65, Mem: 0.0, Load: 1.71 0.65 0.34
CPU: 65, Mem: 0.0, Load: 1.71 0.65 0.34
CPU: 63, Mem: 0.0, Load: 1.71 0.65 0.34
CPU: 63, Mem: 0.0, Load: 1.71 0.65 0.34
CPU: 64, Mem: 0.0, Load: 1.71 0.65 0.34
CPU: 64, Mem: 0.0, Load: 1.71 0.65 0.34
CPU: 64, Mem: 0.0, Load: 1.71 0.65 0.34
CPU: 64, Mem: 0.0, Load: 1.71 0.65 0.34
CPU: 64, Mem: 0.0, Load: 1.71 0.65 0.34
CPU: 64, Mem: 0.0, Load: 1.71 0.65 0.34
CPU: 64, Mem: 0.0, Load: 1.71 0.65 0.34
CPU: 64, Mem: 0.0, Load: 1.71 0.65 0.34
CPU: 62, Mem: 0.0, Load: 1.71 0.65 0.34
CPU: 62, Mem: 0.0, Load: 1.71 0.65 0.34
CPU: 66, Mem: 0.0, Load: 1.71 0.65 0.34
CPU: 66, Mem: 0.0, Load: 1.71 0.65 0.34
CPU: 66, Mem: 0.0, Load: 1.71 0.65 0.34
CPU: 63, Mem: 0.0, Load: 1.71 0.65 0.34
CPU: 63, Mem: 0.0, Load: 1.71 0.65 0.34
CPU: 65, Mem: 0.0, Load: 1.71 0.65 0.34
CPU: 65, Mem: 0.0, Load: 1.71 0.65 0.34
CPU: 65, Mem: 0.0, Load: 1.71 0.65 0.34
===STOP===
===START=== 127.0.0.1: 30000
CPU: 20, Mem: 0.0, Load: 0.97 0.63 0.35
===STOP===
===START=== : 30000
CPU: 32, Mem: 0.0, Load: 0.20 0.20 0.18
===STOP===
===START=== 127.0.0.1: 30000
CPU: 14, Mem: 0.0, Load: 0.30 0.20 0.20
===STOP===
